
SQL*Plus: Release 9.0.1.0.1 - Production on Sun Feb 1 09:42:02 2004

(c) Copyright 2001 Oracle Corporation.  All rights reserved.


Connected to:
Oracle9i Enterprise Edition Release 9.0.1.1.1 - Production
With the Partitioning option
JServer Release 9.0.1.1.1 - Production


14 rows deleted.


0 rows deleted.


0 rows deleted.


2023 rows deleted.


23 rows deleted.


3 rows deleted.


0 rows deleted.


18 rows deleted.


3 rows deleted.


1 row deleted.


70 rows deleted.


5073 rows deleted.


0 rows deleted.


455 rows deleted.


711 rows deleted.


42 rows deleted.


0 rows deleted.


0 rows deleted.


0 rows deleted.


0 rows deleted.


0 rows deleted.


0 rows deleted.


0 rows deleted.


0 rows deleted.


Commit complete.

Disconnected from Oracle9i Enterprise Edition Release 9.0.1.1.1 - Production
With the Partitioning option
JServer Release 9.0.1.1.1 - Production
