
SQL*Loader: Release 9.0.1.1.1 - Production on Sun Feb 1 09:43:59 2004

(c) Copyright 2001 Oracle Corporation.  All rights reserved.

Control File:   spatialreferencing.ctl
Data File:      spatialreferencing.txt
  Bad File:     spatialreferencing.BAD
  Discard File:  none specified
 
 (Allow all discards)

Number to load: ALL
Number to skip: 1
Errors allowed: 5000
Bind array:     64 rows, maximum of 256000 bytes
Continuation:    none specified
Path used:      Conventional

Table TMP_SPATIALREFERENCING, loaded from every logical record.
Insert option in effect for this table: APPEND
TRAILING NULLCOLS option in effect

   Column Name                  Position   Len  Term Encl Datatype
------------------------------ ---------- ----- ---- ---- ---------------------
REFERENCEFILE                       FIRST     *   |  O(") CHARACTER            
DETAILEDFILE                         NEXT     *   |  O(") CHARACTER            
DETAILEDLEFT                         NEXT     *   |  O(") CHARACTER            
DETAILEDBOTTOM                       NEXT     *   |  O(") CHARACTER            
DETAILEDWIDTH                        NEXT     *   |  O(") CHARACTER            
DETAILEDHEIGHT                       NEXT     *   |  O(") CHARACTER            


Table TMP_SPATIALREFERENCING:
  514 Rows successfully loaded.
  0 Rows not loaded due to data errors.
  0 Rows not loaded because all WHEN clauses were failed.
  0 Rows not loaded because all fields were null.


Space allocated for bind array:                  99072 bytes(64 rows)
Read   buffer bytes: 1048576

Total logical records skipped:          1
Total logical records read:           514
Total logical records rejected:         0
Total logical records discarded:        0

Run began on Sun Feb 01 09:43:59 2004
Run ended on Sun Feb 01 09:44:15 2004

Elapsed time was:     00:00:15.20
CPU time was:         00:00:00.10    
