
SQL*Loader: Release 9.0.1.1.1 - Production on Sun Feb 1 09:44:32 2004

(c) Copyright 2001 Oracle Corporation.  All rights reserved.

Control File:   TEXTDIVISION.CTL
Data File:      TEXTDIVISION.TXT
  Bad File:     TEXTDIVISION.BAD
  Discard File:  none specified
 
 (Allow all discards)

Number to load: ALL
Number to skip: 1
Errors allowed: 5000
Bind array:     64 rows, maximum of 256000 bytes
Continuation:    none specified
Path used:      Conventional

Table TMP_TEXTDIVISION, loaded from every logical record.
Insert option in effect for this table: APPEND
TRAILING NULLCOLS option in effect

   Column Name                  Position   Len  Term Encl Datatype
------------------------------ ---------- ----- ---- ---- ---------------------
MAINTEXTORPUBLCNNO                  FIRST     *   |  O(") CHARACTER            
TEXTDESCRIPTIVETITLE                 NEXT     *   |  O(") CHARACTER            
ISFASSIGNEDTEXTNO                    NEXT     *   |  O(") CHARACTER            
SPATIALSEARCHCODE                    NEXT     *   |  O(") CHARACTER            
TEXTDIVISION                         NEXT     *   |  O(") CHARACTER            
TEXTDIVISIONSEQNO                    NEXT     *   |  O(") CHARACTER            
TXTDIVISIONSUBDIVISION               NEXT     *   |  O(") CHARACTER            
TEXTDIVISIONSUBDIVISIONSEQNO         NEXT     *   |  O(") CHARACTER            
TEXTVIEW                             NEXT     *   |  O(") CHARACTER            
TEXTDIVISIONDESCRIPTION              NEXT     *   |  O(") CHARACTER            
TEXTDIVISIONMUSEUMNO                 NEXT     *   |  O(") CHARACTER            
INDEXMAPFILENAME                     NEXT     *   |  O(") CHARACTER            


Table TMP_TEXTDIVISION:
  71 Rows successfully loaded.
  0 Rows not loaded due to data errors.
  0 Rows not loaded because all WHEN clauses were failed.
  0 Rows not loaded because all fields were null.


Space allocated for bind array:                 198144 bytes(64 rows)
Read   buffer bytes: 1048576

Total logical records skipped:          1
Total logical records read:            71
Total logical records rejected:         0
Total logical records discarded:        0

Run began on Sun Feb 01 09:44:32 2004
Run ended on Sun Feb 01 09:44:47 2004

Elapsed time was:     00:00:15.16
CPU time was:         00:00:00.09    
