
SQL*Loader: Release 9.0.1.1.1 - Production on Sun Feb 1 09:45:07 2004

(c) Copyright 2001 Oracle Corporation.  All rights reserved.

Control File:   TIMEPERIODOBJECT.CTL
Data File:      TIMEPERIODOBJECT.TXT
  Bad File:     TIMEPERIODOBJECT.BAD
  Discard File:  none specified
 
 (Allow all discards)

Number to load: ALL
Number to skip: 1
Errors allowed: 5000
Bind array:     64 rows, maximum of 256000 bytes
Continuation:    none specified
Path used:      Conventional

Table TMP_TIMEPERIODOBJECT, loaded from every logical record.
Insert option in effect for this table: APPEND
TRAILING NULLCOLS option in effect

   Column Name                  Position   Len  Term Encl Datatype
------------------------------ ---------- ----- ---- ---- ---------------------
NAMEDTIMEPERIOD                     FIRST     *   |  O(") CHARACTER            
TIMELINENAME                         NEXT     *   |  O(") CHARACTER            
TIMEPERIODBEGINDATEBCE_CE            NEXT     *   |  O(") CHARACTER            
TIMEPERIODBEGINDATEYEAR              NEXT     *   |  O(") CHARACTER            
TIMEPERIODENDDATEBCE_CE              NEXT     *   |  O(") CHARACTER            
TIMEPERIODENDDATEYEAR                NEXT     *   |  O(") CHARACTER            


Table TMP_TIMEPERIODOBJECT:
  42 Rows successfully loaded.
  0 Rows not loaded due to data errors.
  0 Rows not loaded because all WHEN clauses were failed.
  0 Rows not loaded because all fields were null.


Space allocated for bind array:                  99072 bytes(64 rows)
Read   buffer bytes: 1048576

Total logical records skipped:          1
Total logical records read:            42
Total logical records rejected:         0
Total logical records discarded:        0

Run began on Sun Feb 01 09:45:07 2004
Run ended on Sun Feb 01 09:45:23 2004

Elapsed time was:     00:00:15.16
CPU time was:         00:00:00.11    
